<?xml version="1.0" encoding="UTF-8"?>
<testsuite xmlns:xsi="http://www.w3.org/2001/XMLSchema-instance" xsi:noNamespaceSchemaLocation="https://maven.apache.org/surefire/maven-surefire-plugin/xsd/surefire-test-report.xsd" version="3.0.2" name="com.ColombiaApi.jumatabaCo.JumatabaCoApplicationTests" time="28.421" tests="1" errors="0" skipped="0" failures="0" flakes="0">
  <properties>
[...]
</properties>
  <testcase name="contextLoads" classname="com.ColombiaApi.jumatabaCo.JumatabaCoApplicationTests" time="1.458">
    <system-out><![CDATA[18:54:16.618 [main] INFO org.springframework.test.context.support.AnnotationConfigContextLoaderUtils -- Could not detect default configuration classes for test class [com.ColombiaApi.jumatabaCo.JumatabaCoApplicationTests]: JumatabaCoApplicationTests does not declare any static, non-private, non-final, nested classes annotated with @Configuration.
18:54:16.817 [main] INFO org.springframework.boot.test.context.SpringBootTestContextBootstrapper -- Found @SpringBootConfiguration com.ColombiaApi.jumatabaCo.JumatabaCoApplication for test class com.ColombiaApi.jumatabaCo.JumatabaCoApplicationTests
18:54:17.020 [main] INFO org.springframework.test.context.support.AnnotationConfigContextLoaderUtils -- Could not detect default configuration classes for test class [com.ColombiaApi.jumatabaCo.JumatabaCoApplicationTests]: JumatabaCoApplicationTests does not declare any static, non-private, non-final, nested classes annotated with @Configuration.
18:54:17.022 [main] INFO org.springframework.boot.test.context.SpringBootTestContextBootstrapper -- Found @SpringBootConfiguration com.ColombiaApi.jumatabaCo.JumatabaCoApplication for test class com.ColombiaApi.jumatabaCo.JumatabaCoApplicationTests
18:54:17.241 [main] INFO org.springframework.boot.devtools.restart.RestartApplicationListener -- Restart disabled due to context in which it is running

  .   ____          _            __ _ _
 /\\ / ___'_ __ _ _(_)_ __  __ _ \ \ \ \
( ( )\___ | '_ | '_| | '_ \/ _` | \ \ \ \
 \\/  ___)| |_)| | | | | || (_| |  ) ) ) )
  '  |____| .__|_| |_|_| |_\__, | / / / /
 =========|_|==============|___/=/_/_/_/

 :: Spring Boot ::                (v4.0.5)

2026-08-05T18:54:18.073-05:00  INFO 12432 --- [jumatabaCo] [           main] c.C.j.JumatabaCoApplicationTests         : Starting JumatabaCoApplicationTests using Java 21.0.10 with PID 12432 (started by Juan Tarazona in C:\Users\Juan Tarazona\Desktop\proyectos\apiColombia\jumatabaCo)
2026-08-05T18:54:18.076-05:00  INFO 12432 --- [jumatabaCo] [           main] c.C.j.JumatabaCoApplicationTests         : No active profile set, falling back to 1 default profile: "default"
2026-08-05T18:54:20.396-05:00  INFO 12432 --- [jumatabaCo] [           main] .s.d.r.c.RepositoryConfigurationDelegate : Bootstrapping Spring Data JPA repositories in DEFAULT mode.
2026-08-05T18:54:20.485-05:00  INFO 12432 --- [jumatabaCo] [           main] .s.d.r.c.RepositoryConfigurationDelegate : Finished Spring Data repository scanning in 78 ms. Found 5 JPA repository interfaces.
2026-08-05T18:54:21.740-05:00  INFO 12432 --- [jumatabaCo] [           main] org.hibernate.orm.jpa                    : HHH008540: Processing PersistenceUnitInfo [name: default]
2026-08-05T18:54:22.018-05:00  INFO 12432 --- [jumatabaCo] [           main] org.hibernate.orm.core                   : HHH000001: Hibernate ORM core version 7.2.7.Final
2026-08-05T18:54:23.439-05:00  INFO 12432 --- [jumatabaCo] [           main] o.s.o.j.p.SpringPersistenceUnitInfo      : No LoadTimeWeaver setup: ignoring JPA class transformer
2026-08-05T18:54:23.564-05:00  INFO 12432 --- [jumatabaCo] [           main] com.zaxxer.hikari.HikariDataSource       : HikariPool-1 - Starting...
2026-08-05T18:54:24.625-05:00  INFO 12432 --- [jumatabaCo] [           main] com.zaxxer.hikari.pool.HikariPool        : HikariPool-1 - Added connection org.postgresql.jdbc.PgConnection@36f05595
2026-08-05T18:54:24.628-05:00  INFO 12432 --- [jumatabaCo] [           main] com.zaxxer.hikari.HikariDataSource       : HikariPool-1 - Start completed.
2026-08-05T18:54:25.163-05:00  WARN 12432 --- [jumatabaCo] [           main] org.hibernate.orm.deprecation            : HHH90000025: PostgreSQLDialect does not need to be specified explicitly using 'hibernate.dialect' (remove the property setting and it will be selected by default)
2026-08-05T18:54:25.503-05:00  INFO 12432 --- [jumatabaCo] [           main] org.hibernate.orm.connections.pooling    : HHH10001005: Database info:
	Database JDBC URL [jdbc:postgresql://localhost:5432/dbapicolombia]
	Database driver: PostgreSQL JDBC Driver
	Database dialect: PostgreSQLDialect
	Database version: 18.4
	Default catalog/schema: dbapicolombia/public
	Autocommit mode: undefined/unknown
	Isolation level: READ_COMMITTED [default READ_COMMITTED]
	JDBC fetch size: none
	Pool: DataSourceConnectionProvider
	Minimum pool size: undefined/unknown
	Maximum pool size: undefined/unknown
2026-08-05T18:54:40.041-05:00  INFO 12432 --- [jumatabaCo] [           main] org.hibernate.orm.core                   : HHH000489: No JTA platform available (set 'hibernate.transaction.jta.platform' to enable JTA platform integration)
2026-08-05T18:54:40.932-05:00  INFO 12432 --- [jumatabaCo] [           main] j.LocalContainerEntityManagerFactoryBean : Initialized JPA EntityManagerFactory for persistence unit 'default'
2026-08-05T18:54:41.153-05:00  INFO 12432 --- [jumatabaCo] [           main] o.s.d.j.r.query.QueryEnhancerFactories   : Hibernate is in classpath; If applicable, HQL parser will be used.
2026-08-05T18:54:41.667-05:00  INFO 12432 --- [jumatabaCo] [           main] eAuthenticationProviderManagerConfigurer : Global AuthenticationManager configured with AuthenticationProvider bean with name authenticationProvider
2026-08-05T18:54:41.668-05:00  WARN 12432 --- [jumatabaCo] [           main] r$InitializeUserDetailsManagerConfigurer : Global AuthenticationManager configured with an AuthenticationProvider bean. UserDetailsService beans will not be used by Spring Security for automatically configuring username/password login. Consider removing the AuthenticationProvider bean. Alternatively, consider using the UserDetailsService in a manually instantiated DaoAuthenticationProvider. If the current configuration is intentional, to turn off this warning, increase the logging level of 'org.springframework.security.config.annotation.authentication.configuration.InitializeUserDetailsBeanManagerConfigurer' to ERROR
2026-08-05T18:54:41.880-05:00  WARN 12432 --- [jumatabaCo] [           main] JpaBaseConfiguration$JpaWebConfiguration : spring.jpa.open-in-view is enabled by default. Therefore, database queries may be performed during view rendering. Explicitly configure spring.jpa.open-in-view to disable this warning
2026-08-05T18:54:43.081-05:00  INFO 12432 --- [jumatabaCo] [           main] c.C.j.JumatabaCoApplicationTests         : Started JumatabaCoApplicationTests in 25.873 seconds (process running for 28.422)
]]></system-out>
    <system-err><![CDATA[Mockito is currently self-attaching to enable the inline-mock-maker. This will no longer work in future releases of the JDK. Please add Mockito as an agent to your build as described in Mockito's documentation: https://javadoc.io/doc/org.mockito/mockito-core/latest/org.mockito/org/mockito/Mockito.html#0.3
WARNING: A Java agent has been loaded dynamically (C:\Users\Juan Tarazona\.m2\repository\net\bytebuddy\byte-buddy-agent\1.17.8\byte-buddy-agent-1.17.8.jar)
WARNING: If a serviceability tool is in use, please run with -XX:+EnableDynamicAgentLoading to hide this warning
WARNING: If a serviceability tool is not in use, please run with -Djdk.instrument.traceUsage for more information
WARNING: Dynamic loading of agents will be disallowed by default in a future release
]]></system-err>
  </testcase>
</testsuite>